# JRE version: OpenJDK Runtime Environment (8.0_152-b01) (build 1.8.0_152-release-915-b01)
# Java VM: OpenJDK 64-Bit Server VM (25.152-b01 mixed mode windows-amd64 compressed oops)
Heap:
 PSYoungGen      total 349696K, used 58828K [0x00000000e0000000, 0x0000000100000000, 0x0000000100000000)
  eden space 175104K, 0% used [0x00000000e0000000,0x00000000e0000000,0x00000000eab00000)
  from space 174592K, 33% used [0x00000000eab00000,0x00000000ee473210,0x00000000f5580000)
  to   space 174592K, 0% used [0x00000000f5580000,0x00000000f5580000,0x0000000100000000)
 ParOldGen       total 562176K, used 510637K [0x00000000a0000000, 0x00000000c2500000, 0x00000000e0000000)
  object space 562176K, 90% used [0x00000000a0000000,0x00000000bf2ab490,0x00000000c2500000)
 Metaspace       used 105745K, capacity 110188K, committed 113664K, reserved 1148928K
  class space    used 12799K, capacity 13772K, committed 14592K, reserved 1048576K
GC Heap History (10 events):
Event: 1684.783 GC heap after
Heap after GC invocations=84 (full 11):
 PSYoungGen      total 349696K, used 53119K [0x00000000e0000000, 0x0000000100000000, 0x0000000100000000)
  eden space 175104K, 0% used [0x00000000e0000000,0x00000000e0000000,0x00000000eab00000)
  from space 174592K, 30% used [0x00000000eab00000,0x00000000ededff38,0x00000000f5580000)
  to   space 174592K, 0% used [0x00000000f5580000,0x00000000f5580000,0x0000000100000000)
 ParOldGen       total 562176K, used 374475K [0x00000000a0000000, 0x00000000c2500000, 0x00000000e0000000)
  object space 562176K, 66% used [0x00000000a0000000,0x00000000b6db2e30,0x00000000c2500000)
 Metaspace       used 105745K, capacity 110188K, committed 113664K, reserved 1148928K
  class space    used 12799K, capacity 13772K, committed 14592K, reserved 1048576K
}
Event: 1685.144 GC heap before
{Heap before GC invocations=85 (full 11):
 PSYoungGen      total 349696K, used 228223K [0x00000000e0000000, 0x0000000100000000, 0x0000000100000000)
  eden space 175104K, 100% used [0x00000000e0000000,0x00000000eab00000,0x00000000eab00000)
  from space 174592K, 30% used [0x00000000eab00000,0x00000000ededff38,0x00000000f5580000)
  to   space 174592K, 0% used [0x00000000f5580000,0x00000000f5580000,0x0000000100000000)
 ParOldGen       total 562176K, used 374475K [0x00000000a0000000, 0x00000000c2500000, 0x00000000e0000000)
  object space 562176K, 66% used [0x00000000a0000000,0x00000000b6db2e30,0x00000000c2500000)
 Metaspace       used 105745K, capacity 110188K, committed 113664K, reserved 1148928K
  class space    used 12799K, capacity 13772K, committed 14592K, reserved 1048576K
Event: 1685.320 GC heap after
Heap after GC invocations=85 (full 11):
 PSYoungGen      total 349696K, used 27537K [0x00000000e0000000, 0x0000000100000000, 0x0000000100000000)
  eden space 175104K, 0% used [0x00000000e0000000,0x00000000e0000000,0x00000000eab00000)
  from space 174592K, 15% used [0x00000000f5580000,0x00000000f70647f8,0x0000000100000000)
  to   space 174592K, 0% used [0x00000000eab00000,0x00000000eab00000,0x00000000f5580000)
 ParOldGen       total 562176K, used 426444K [0x00000000a0000000, 0x00000000c2500000, 0x00000000e0000000)
  object space 562176K, 75% used [0x00000000a0000000,0x00000000ba073268,0x00000000c2500000)
 Metaspace       used 105745K, capacity 110188K, committed 113664K, reserved 1148928K
  class space    used 12799K, capacity 13772K, committed 14592K, reserved 1048576K
}
Event: 1685.618 GC heap before
{Heap before GC invocations=86 (full 11):
 PSYoungGen      total 349696K, used 202641K [0x00000000e0000000, 0x0000000100000000, 0x0000000100000000)
  eden space 175104K, 100% used [0x00000000e0000000,0x00000000eab00000,0x00000000eab00000)
  from space 174592K, 15% used [0x00000000f5580000,0x00000000f70647f8,0x0000000100000000)
  to   space 174592K, 0% used [0x00000000eab00000,0x00000000eab00000,0x00000000f5580000)
 ParOldGen       total 562176K, used 426444K [0x00000000a0000000, 0x00000000c2500000, 0x00000000e0000000)
  object space 562176K, 75% used [0x00000000a0000000,0x00000000ba073268,0x00000000c2500000)
 Metaspace       used 105745K, capacity 110188K, committed 113664K, reserved 1148928K
  class space    used 12799K, capacity 13772K, committed 14592K, reserved 1048576K
Event: 1685.791 GC heap after
Heap after GC invocations=86 (full 11):
 PSYoungGen      total 349696K, used 27990K [0x00000000e0000000, 0x0000000100000000, 0x0000000100000000)
  eden space 175104K, 0% used [0x00000000e0000000,0x00000000e0000000,0x00000000eab00000)
  from space 174592K, 16% used [0x00000000eab00000,0x00000000ec655868,0x00000000f5580000)
  to   space 174592K, 0% used [0x00000000f5580000,0x00000000f5580000,0x0000000100000000)
 ParOldGen       total 562176K, used 452707K [0x00000000a0000000, 0x00000000c2500000, 0x00000000e0000000)
  object space 562176K, 80% used [0x00000000a0000000,0x00000000bba18e98,0x00000000c2500000)
 Metaspace       used 105745K, capacity 110188K, committed 113664K, reserved 1148928K
  class space    used 12799K, capacity 13772K, committed 14592K, reserved 1048576K
}
Event: 1687.294 GC heap before
{Heap before GC invocations=87 (full 11):
 PSYoungGen      total 349696K, used 203094K [0x00000000e0000000, 0x0000000100000000, 0x0000000100000000)
  eden space 175104K, 100% used [0x00000000e0000000,0x00000000eab00000,0x00000000eab00000)
  from space 174592K, 16% used [0x00000000eab00000,0x00000000ec655868,0x00000000f5580000)
  to   space 174592K, 0% used [0x00000000f5580000,0x00000000f5580000,0x0000000100000000)
 ParOldGen       total 562176K, used 452707K [0x00000000a0000000, 0x00000000c2500000, 0x00000000e0000000)
  object space 562176K, 80% used [0x00000000a0000000,0x00000000bba18e98,0x00000000c2500000)
 Metaspace       used 105745K, capacity 110188K, committed 113664K, reserved 1148928K
  class space    used 12799K, capacity 13772K, committed 14592K, reserved 1048576K
Event: 1687.448 GC heap after
Heap after GC invocations=87 (full 11):
 PSYoungGen      total 349696K, used 54957K [0x00000000e0000000, 0x0000000100000000, 0x0000000100000000)
  eden space 175104K, 0% used [0x00000000e0000000,0x00000000e0000000,0x00000000eab00000)
  from space 174592K, 31% used [0x00000000f5580000,0x00000000f8b2b7a8,0x0000000100000000)
  to   space 174592K, 0% used [0x00000000eab00000,0x00000000eab00000,0x00000000f5580000)
 ParOldGen       total 562176K, used 479167K [0x00000000a0000000, 0x00000000c2500000, 0x00000000e0000000)
  object space 562176K, 85% used [0x00000000a0000000,0x00000000bd3efca8,0x00000000c2500000)
 Metaspace       used 105745K, capacity 110188K, committed 113664K, reserved 1148928K
  class space    used 12799K, capacity 13772K, committed 14592K, reserved 1048576K
}
Event: 1688.017 GC heap before
{Heap before GC invocations=88 (full 11):
 PSYoungGen      total 349696K, used 230061K [0x00000000e0000000, 0x0000000100000000, 0x0000000100000000)
  eden space 175104K, 100% used [0x00000000e0000000,0x00000000eab00000,0x00000000eab00000)
  from space 174592K, 31% used [0x00000000f5580000,0x00000000f8b2b7a8,0x0000000100000000)
  to   space 174592K, 0% used [0x00000000eab00000,0x00000000eab00000,0x00000000f5580000)
 ParOldGen       total 562176K, used 479167K [0x00000000a0000000, 0x00000000c2500000, 0x00000000e0000000)
  object space 562176K, 85% used [0x00000000a0000000,0x00000000bd3efca8,0x00000000c2500000)
 Metaspace       used 105745K, capacity 110188K, committed 113664K, reserved 1148928K
  class space    used 12799K, capacity 13772K, committed 14592K, reserved 1048576K
Event: 1688.160 GC heap after
Heap after GC invocations=88 (full 11):
 PSYoungGen      total 349696K, used 58828K [0x00000000e0000000, 0x0000000100000000, 0x0000000100000000)
  eden space 175104K, 0% used [0x00000000e0000000,0x00000000e0000000,0x00000000eab00000)
  from space 174592K, 33% used [0x00000000eab00000,0x00000000ee473210,0x00000000f5580000)
  to   space 174592K, 0% used [0x00000000f5580000,0x00000000f5580000,0x0000000100000000)
 ParOldGen       total 562176K, used 510637K [0x00000000a0000000, 0x00000000c2500000, 0x00000000e0000000)
  object space 562176K, 90% used [0x00000000a0000000,0x00000000bf2ab490,0x00000000c2500000)
 Metaspace       used 105745K, capacity 110188K, committed 113664K, reserved 1148928K
  class space    used 12799K, capacity 13772K, committed 14592K, reserved 1048576K
}
Event: 1688.160 GC heap before
{Heap before GC invocations=89 (full 12):
 PSYoungGen      total 349696K, used 58828K [0x00000000e0000000, 0x0000000100000000, 0x0000000100000000)
  eden space 175104K, 0% used [0x00000000e0000000,0x00000000e0000000,0x00000000eab00000)
  from space 174592K, 33% used [0x00000000eab00000,0x00000000ee473210,0x00000000f5580000)
  to   space 174592K, 0% used [0x00000000f5580000,0x00000000f5580000,0x0000000100000000)
 ParOldGen       total 562176K, used 510637K [0x00000000a0000000, 0x00000000c2500000, 0x00000000e0000000)
  object space 562176K, 90% used [0x00000000a0000000,0x00000000bf2ab490,0x00000000c2500000)
 Metaspace       used 105745K, capacity 110188K, committed 113664K, reserved 1148928K
  class space    used 12799K, capacity 13772K, committed 14592K, reserved 1048576K

