# JRE version: OpenJDK Runtime Environment (8.0_152-b01) (build 1.8.0_152-release-915-b01)
# Java VM: OpenJDK 64-Bit Server VM (25.152-b01 mixed mode windows-amd64 compressed oops)
Heap:
 PSYoungGen      total 480256K, used 28614K [0x00000000e0000000, 0x0000000100000000, 0x0000000100000000)
  eden space 451584K, 0% used [0x00000000e0000000,0x00000000e0000000,0x00000000fb900000)
  from space 28672K, 99% used [0x00000000fb900000,0x00000000fd4f19f0,0x00000000fd500000)
  to   space 39424K, 0% used [0x00000000fd980000,0x00000000fd980000,0x0000000100000000)
 ParOldGen       total 108032K, used 87881K [0x00000000a0000000, 0x00000000a6980000, 0x00000000e0000000)
  object space 108032K, 81% used [0x00000000a0000000,0x00000000a55d2430,0x00000000a6980000)
 Metaspace       used 65429K, capacity 68628K, committed 68736K, reserved 1107968K
  class space    used 8672K, capacity 9508K, committed 9600K, reserved 1048576K
GC Heap History (10 events):
Event: 34.257 GC heap after
Heap after GC invocations=10 (full 2):
 PSYoungGen      total 352768K, used 13282K [0x00000000e0000000, 0x00000000f7e80000, 0x0000000100000000)
  eden space 339456K, 0% used [0x00000000e0000000,0x00000000e0000000,0x00000000f4b80000)
  from space 13312K, 99% used [0x00000000f7180000,0x00000000f7e789a8,0x00000000f7e80000)
  to   space 17408K, 0% used [0x00000000f5c80000,0x00000000f5c80000,0x00000000f6d80000)
 ParOldGen       total 54272K, used 20337K [0x00000000a0000000, 0x00000000a3500000, 0x00000000e0000000)
  object space 54272K, 37% used [0x00000000a0000000,0x00000000a13dc538,0x00000000a3500000)
 Metaspace       used 47741K, capacity 49130K, committed 49152K, reserved 1091584K
  class space    used 6427K, capacity 6890K, committed 6912K, reserved 1048576K
}
Event: 47.708 GC heap before
{Heap before GC invocations=11 (full 2):
 PSYoungGen      total 352768K, used 329610K [0x00000000e0000000, 0x00000000f7e80000, 0x0000000100000000)
  eden space 339456K, 93% used [0x00000000e0000000,0x00000000f34e9e58,0x00000000f4b80000)
  from space 13312K, 99% used [0x00000000f7180000,0x00000000f7e789a8,0x00000000f7e80000)
  to   space 17408K, 0% used [0x00000000f5c80000,0x00000000f5c80000,0x00000000f6d80000)
 ParOldGen       total 54272K, used 20337K [0x00000000a0000000, 0x00000000a3500000, 0x00000000e0000000)
  object space 54272K, 37% used [0x00000000a0000000,0x00000000a13dc538,0x00000000a3500000)
 Metaspace       used 56639K, capacity 59016K, committed 59028K, reserved 1099776K
  class space    used 7765K, capacity 8442K, committed 8448K, reserved 1048576K
Event: 47.805 GC heap after
Heap after GC invocations=11 (full 2):
 PSYoungGen      total 374272K, used 17376K [0x00000000e0000000, 0x0000000100000000, 0x0000000100000000)
  eden space 356864K, 0% used [0x00000000e0000000,0x00000000e0000000,0x00000000f5c80000)
  from space 17408K, 99% used [0x00000000f5c80000,0x00000000f6d78210,0x00000000f6d80000)
  to   space 29184K, 0% used [0x00000000fe380000,0x00000000fe380000,0x0000000100000000)
 ParOldGen       total 54272K, used 43343K [0x00000000a0000000, 0x00000000a3500000, 0x00000000e0000000)
  object space 54272K, 79% used [0x00000000a0000000,0x00000000a2a53f60,0x00000000a3500000)
 Metaspace       used 56639K, capacity 59016K, committed 59028K, reserved 1099776K
  class space    used 7765K, capacity 8442K, committed 8448K, reserved 1048576K
}
Event: 47.805 GC heap before
{Heap before GC invocations=12 (full 3):
 PSYoungGen      total 374272K, used 17376K [0x00000000e0000000, 0x0000000100000000, 0x0000000100000000)
  eden space 356864K, 0% used [0x00000000e0000000,0x00000000e0000000,0x00000000f5c80000)
  from space 17408K, 99% used [0x00000000f5c80000,0x00000000f6d78210,0x00000000f6d80000)
  to   space 29184K, 0% used [0x00000000fe380000,0x00000000fe380000,0x0000000100000000)
 ParOldGen       total 54272K, used 43343K [0x00000000a0000000, 0x00000000a3500000, 0x00000000e0000000)
  object space 54272K, 79% used [0x00000000a0000000,0x00000000a2a53f60,0x00000000a3500000)
 Metaspace       used 56639K, capacity 59016K, committed 59028K, reserved 1099776K
  class space    used 7765K, capacity 8442K, committed 8448K, reserved 1048576K
Event: 48.534 GC heap after
Heap after GC invocations=12 (full 3):
 PSYoungGen      total 374272K, used 0K [0x00000000e0000000, 0x0000000100000000, 0x0000000100000000)
  eden space 356864K, 0% used [0x00000000e0000000,0x00000000e0000000,0x00000000f5c80000)
  from space 17408K, 0% used [0x00000000f5c80000,0x00000000f5c80000,0x00000000f6d80000)
  to   space 29184K, 0% used [0x00000000fe380000,0x00000000fe380000,0x0000000100000000)
 ParOldGen       total 108032K, used 54250K [0x00000000a0000000, 0x00000000a6980000, 0x00000000e0000000)
  object space 108032K, 50% used [0x00000000a0000000,0x00000000a34fab50,0x00000000a6980000)
 Metaspace       used 56639K, capacity 59016K, committed 59028K, reserved 1099776K
  class space    used 7765K, capacity 8442K, committed 8448K, reserved 1048576K
}
Event: 76.382 GC heap before
{Heap before GC invocations=13 (full 3):
 PSYoungGen      total 374272K, used 356864K [0x00000000e0000000, 0x0000000100000000, 0x0000000100000000)
  eden space 356864K, 100% used [0x00000000e0000000,0x00000000f5c80000,0x00000000f5c80000)
  from space 17408K, 0% used [0x00000000f5c80000,0x00000000f5c80000,0x00000000f6d80000)
  to   space 29184K, 0% used [0x00000000fe380000,0x00000000fe380000,0x0000000100000000)
 ParOldGen       total 108032K, used 54250K [0x00000000a0000000, 0x00000000a6980000, 0x00000000e0000000)
  object space 108032K, 50% used [0x00000000a0000000,0x00000000a34fab50,0x00000000a6980000)
 Metaspace       used 63289K, capacity 66354K, committed 66432K, reserved 1105920K
  class space    used 8438K, capacity 9269K, committed 9344K, reserved 1048576K
Event: 76.451 GC heap after
Heap after GC invocations=13 (full 3):
 PSYoungGen      total 480768K, used 29181K [0x00000000e0000000, 0x0000000100000000, 0x0000000100000000)
  eden space 451584K, 0% used [0x00000000e0000000,0x00000000e0000000,0x00000000fb900000)
  from space 29184K, 99% used [0x00000000fe380000,0x00000000fffff500,0x0000000100000000)
  to   space 36352K, 0% used [0x00000000fb900000,0x00000000fb900000,0x00000000fdc80000)
 ParOldGen       total 108032K, used 62067K [0x00000000a0000000, 0x00000000a6980000, 0x00000000e0000000)
  object space 108032K, 57% used [0x00000000a0000000,0x00000000a3c9cef8,0x00000000a6980000)
 Metaspace       used 63289K, capacity 66354K, committed 66432K, reserved 1105920K
  class space    used 8438K, capacity 9269K, committed 9344K, reserved 1048576K
}
Event: 144.911 GC heap before
{Heap before GC invocations=14 (full 3):
 PSYoungGen      total 480768K, used 480765K [0x00000000e0000000, 0x0000000100000000, 0x0000000100000000)
  eden space 451584K, 100% used [0x00000000e0000000,0x00000000fb900000,0x00000000fb900000)
  from space 29184K, 99% used [0x00000000fe380000,0x00000000fffff500,0x0000000100000000)
  to   space 36352K, 0% used [0x00000000fb900000,0x00000000fb900000,0x00000000fdc80000)
 ParOldGen       total 108032K, used 62067K [0x00000000a0000000, 0x00000000a6980000, 0x00000000e0000000)
  object space 108032K, 57% used [0x00000000a0000000,0x00000000a3c9cef8,0x00000000a6980000)
 Metaspace       used 65429K, capacity 68628K, committed 68736K, reserved 1107968K
  class space    used 8672K, capacity 9508K, committed 9600K, reserved 1048576K
Event: 145.843 GC heap after
Heap after GC invocations=14 (full 3):
 PSYoungGen      total 480256K, used 28614K [0x00000000e0000000, 0x0000000100000000, 0x0000000100000000)
  eden space 451584K, 0% used [0x00000000e0000000,0x00000000e0000000,0x00000000fb900000)
  from space 28672K, 99% used [0x00000000fb900000,0x00000000fd4f19f0,0x00000000fd500000)
  to   space 39424K, 0% used [0x00000000fd980000,0x00000000fd980000,0x0000000100000000)
 ParOldGen       total 108032K, used 87881K [0x00000000a0000000, 0x00000000a6980000, 0x00000000e0000000)
  object space 108032K, 81% used [0x00000000a0000000,0x00000000a55d2430,0x00000000a6980000)
 Metaspace       used 65429K, capacity 68628K, committed 68736K, reserved 1107968K
  class space    used 8672K, capacity 9508K, committed 9600K, reserved 1048576K
}
Event: 145.843 GC heap before
{Heap before GC invocations=15 (full 4):
 PSYoungGen      total 480256K, used 28614K [0x00000000e0000000, 0x0000000100000000, 0x0000000100000000)
  eden space 451584K, 0% used [0x00000000e0000000,0x00000000e0000000,0x00000000fb900000)
  from space 28672K, 99% used [0x00000000fb900000,0x00000000fd4f19f0,0x00000000fd500000)
  to   space 39424K, 0% used [0x00000000fd980000,0x00000000fd980000,0x0000000100000000)
 ParOldGen       total 108032K, used 87881K [0x00000000a0000000, 0x00000000a6980000, 0x00000000e0000000)
  object space 108032K, 81% used [0x00000000a0000000,0x00000000a55d2430,0x00000000a6980000)
 Metaspace       used 65429K, capacity 68628K, committed 68736K, reserved 1107968K
  class space    used 8672K, capacity 9508K, committed 9600K, reserved 1048576K

