# JRE version: OpenJDK Runtime Environment (8.0_152-b01) (build 1.8.0_152-release-915-b01)
# Java VM: OpenJDK 64-Bit Server VM (25.152-b01 mixed mode windows-amd64 compressed oops)
Heap:
 PSYoungGen      total 302592K, used 215302K [0x00000000e0000000, 0x00000000f5200000, 0x0000000100000000)
  eden space 285696K, 69% used [0x00000000e0000000,0x00000000ec1c99c0,0x00000000f1700000)
  from space 16896K, 99% used [0x00000000f2f80000,0x00000000f3ff8018,0x00000000f4000000)
  to   space 25088K, 94% used [0x00000000f1700000,0x00000000f2e13078,0x00000000f2f80000)
 ParOldGen       total 63488K, used 30811K [0x00000000a0000000, 0x00000000a3e00000, 0x00000000e0000000)
  object space 63488K, 48% used [0x00000000a0000000,0x00000000a1e16ef0,0x00000000a3e00000)
 Metaspace       used 56763K, capacity 58934K, committed 59028K, reserved 1099776K
  class space    used 7622K, capacity 8115K, committed 8152K, reserved 1048576K
GC Heap History (10 events):
Event: 21.240 GC heap after
Heap after GC invocations=6 (full 1):
 PSYoungGen      total 102400K, used 4084K [0x00000000e0000000, 0x00000000ece80000, 0x0000000100000000)
  eden space 98304K, 0% used [0x00000000e0000000,0x00000000e0000000,0x00000000e6000000)
  from space 4096K, 99% used [0x00000000e6000000,0x00000000e63fd010,0x00000000e6400000)
  to   space 13824K, 0% used [0x00000000ec100000,0x00000000ec100000,0x00000000ece80000)
 ParOldGen       total 45568K, used 16561K [0x00000000a0000000, 0x00000000a2c80000, 0x00000000e0000000)
  object space 45568K, 36% used [0x00000000a0000000,0x00000000a102c7a8,0x00000000a2c80000)
 Metaspace       used 28189K, capacity 28778K, committed 29056K, reserved 1075200K
  class space    used 3888K, capacity 4102K, committed 4224K, reserved 1048576K
}
Event: 31.685 GC heap before
{Heap before GC invocations=7 (full 1):
 PSYoungGen      total 102400K, used 87551K [0x00000000e0000000, 0x00000000ece80000, 0x0000000100000000)
  eden space 98304K, 84% used [0x00000000e0000000,0x00000000e5182fe0,0x00000000e6000000)
  from space 4096K, 99% used [0x00000000e6000000,0x00000000e63fd010,0x00000000e6400000)
  to   space 13824K, 0% used [0x00000000ec100000,0x00000000ec100000,0x00000000ece80000)
 ParOldGen       total 45568K, used 16561K [0x00000000a0000000, 0x00000000a2c80000, 0x00000000e0000000)
  object space 45568K, 36% used [0x00000000a0000000,0x00000000a102c7a8,0x00000000a2c80000)
 Metaspace       used 34591K, capacity 35308K, committed 35416K, reserved 1079296K
  class space    used 4651K, capacity 4917K, committed 4952K, reserved 1048576K
Event: 31.769 GC heap after
Heap after GC invocations=7 (full 1):
 PSYoungGen      total 192512K, used 10447K [0x00000000e0000000, 0x00000000ecc80000, 0x0000000100000000)
  eden space 180736K, 0% used [0x00000000e0000000,0x00000000e0000000,0x00000000eb080000)
  from space 11776K, 88% used [0x00000000ec100000,0x00000000ecb33dd0,0x00000000ecc80000)
  to   space 14336K, 0% used [0x00000000eb080000,0x00000000eb080000,0x00000000ebe80000)
 ParOldGen       total 45568K, used 16569K [0x00000000a0000000, 0x00000000a2c80000, 0x00000000e0000000)
  object space 45568K, 36% used [0x00000000a0000000,0x00000000a102e7a8,0x00000000a2c80000)
 Metaspace       used 34591K, capacity 35308K, committed 35416K, reserved 1079296K
  class space    used 4651K, capacity 4917K, committed 4952K, reserved 1048576K
}
Event: 31.769 GC heap before
{Heap before GC invocations=8 (full 2):
 PSYoungGen      total 192512K, used 10447K [0x00000000e0000000, 0x00000000ecc80000, 0x0000000100000000)
  eden space 180736K, 0% used [0x00000000e0000000,0x00000000e0000000,0x00000000eb080000)
  from space 11776K, 88% used [0x00000000ec100000,0x00000000ecb33dd0,0x00000000ecc80000)
  to   space 14336K, 0% used [0x00000000eb080000,0x00000000eb080000,0x00000000ebe80000)
 ParOldGen       total 45568K, used 16569K [0x00000000a0000000, 0x00000000a2c80000, 0x00000000e0000000)
  object space 45568K, 36% used [0x00000000a0000000,0x00000000a102e7a8,0x00000000a2c80000)
 Metaspace       used 34591K, capacity 35308K, committed 35416K, reserved 1079296K
  class space    used 4651K, capacity 4917K, committed 4952K, reserved 1048576K
Event: 32.091 GC heap after
Heap after GC invocations=8 (full 2):
 PSYoungGen      total 192512K, used 0K [0x00000000e0000000, 0x00000000ecc80000, 0x0000000100000000)
  eden space 180736K, 0% used [0x00000000e0000000,0x00000000e0000000,0x00000000eb080000)
  from space 11776K, 0% used [0x00000000ec100000,0x00000000ec100000,0x00000000ecc80000)
  to   space 14336K, 0% used [0x00000000eb080000,0x00000000eb080000,0x00000000ebe80000)
 ParOldGen       total 63488K, used 17202K [0x00000000a0000000, 0x00000000a3e00000, 0x00000000e0000000)
  object space 63488K, 27% used [0x00000000a0000000,0x00000000a10cc8b8,0x00000000a3e00000)
 Metaspace       used 34591K, capacity 35308K, committed 35416K, reserved 1079296K
  class space    used 4651K, capacity 4917K, committed 4952K, reserved 1048576K
}
Event: 41.605 GC heap before
{Heap before GC invocations=9 (full 2):
 PSYoungGen      total 192512K, used 180736K [0x00000000e0000000, 0x00000000ecc80000, 0x0000000100000000)
  eden space 180736K, 100% used [0x00000000e0000000,0x00000000eb080000,0x00000000eb080000)
  from space 11776K, 0% used [0x00000000ec100000,0x00000000ec100000,0x00000000ecc80000)
  to   space 14336K, 0% used [0x00000000eb080000,0x00000000eb080000,0x00000000ebe80000)
 ParOldGen       total 63488K, used 17202K [0x00000000a0000000, 0x00000000a3e00000, 0x00000000e0000000)
  object space 63488K, 27% used [0x00000000a0000000,0x00000000a10cc8b8,0x00000000a3e00000)
 Metaspace       used 45586K, capacity 46604K, committed 46936K, reserved 1089536K
  class space    used 6099K, capacity 6377K, committed 6488K, reserved 1048576K
Event: 41.642 GC heap after
Heap after GC invocations=9 (full 2):
 PSYoungGen      total 195072K, used 14308K [0x00000000e0000000, 0x00000000f4000000, 0x0000000100000000)
  eden space 180736K, 0% used [0x00000000e0000000,0x00000000e0000000,0x00000000eb080000)
  from space 14336K, 99% used [0x00000000eb080000,0x00000000ebe79088,0x00000000ebe80000)
  to   space 16896K, 0% used [0x00000000f2f80000,0x00000000f2f80000,0x00000000f4000000)
 ParOldGen       total 63488K, used 17825K [0x00000000a0000000, 0x00000000a3e00000, 0x00000000e0000000)
  object space 63488K, 28% used [0x00000000a0000000,0x00000000a1168738,0x00000000a3e00000)
 Metaspace       used 45586K, capacity 46604K, committed 46936K, reserved 1089536K
  class space    used 6099K, capacity 6377K, committed 6488K, reserved 1048576K
}
Event: 47.278 GC heap before
{Heap before GC invocations=10 (full 2):
 PSYoungGen      total 195072K, used 195044K [0x00000000e0000000, 0x00000000f4000000, 0x0000000100000000)
  eden space 180736K, 100% used [0x00000000e0000000,0x00000000eb080000,0x00000000eb080000)
  from space 14336K, 99% used [0x00000000eb080000,0x00000000ebe79088,0x00000000ebe80000)
  to   space 16896K, 0% used [0x00000000f2f80000,0x00000000f2f80000,0x00000000f4000000)
 ParOldGen       total 63488K, used 17825K [0x00000000a0000000, 0x00000000a3e00000, 0x00000000e0000000)
  object space 63488K, 28% used [0x00000000a0000000,0x00000000a1168738,0x00000000a3e00000)
 Metaspace       used 51516K, capacity 53224K, committed 53336K, reserved 1095680K
  class space    used 7074K, capacity 7486K, committed 7512K, reserved 1048576K
Event: 47.427 GC heap after
Heap after GC invocations=10 (full 2):
 PSYoungGen      total 302592K, used 16864K [0x00000000e0000000, 0x00000000f5200000, 0x0000000100000000)
  eden space 285696K, 0% used [0x00000000e0000000,0x00000000e0000000,0x00000000f1700000)
  from space 16896K, 99% used [0x00000000f2f80000,0x00000000f3ff8018,0x00000000f4000000)
  to   space 25088K, 0% used [0x00000000f1700000,0x00000000f1700000,0x00000000f2f80000)
 ParOldGen       total 63488K, used 30803K [0x00000000a0000000, 0x00000000a3e00000, 0x00000000e0000000)
  object space 63488K, 48% used [0x00000000a0000000,0x00000000a1e14ef0,0x00000000a3e00000)
 Metaspace       used 51516K, capacity 53224K, committed 53336K, reserved 1095680K
  class space    used 7074K, capacity 7486K, committed 7512K, reserved 1048576K
}
Event: 4771.198 GC heap before
{Heap before GC invocations=11 (full 2):
 PSYoungGen      total 302592K, used 215302K [0x00000000e0000000, 0x00000000f5200000, 0x0000000100000000)
  eden space 285696K, 69% used [0x00000000e0000000,0x00000000ec1c99c0,0x00000000f1700000)
  from space 16896K, 99% used [0x00000000f2f80000,0x00000000f3ff8018,0x00000000f4000000)
  to   space 25088K, 0% used [0x00000000f1700000,0x00000000f1700000,0x00000000f2f80000)
 ParOldGen       total 63488K, used 30803K [0x00000000a0000000, 0x00000000a3e00000, 0x00000000e0000000)
  object space 63488K, 48% used [0x00000000a0000000,0x00000000a1e14ef0,0x00000000a3e00000)
 Metaspace       used 56763K, capacity 58934K, committed 59028K, reserved 1099776K
  class space    used 7622K, capacity 8115K, committed 8152K, reserved 1048576K

