# JRE version: OpenJDK Runtime Environment (8.0_152-b01) (build 1.8.0_152-release-915-b01)
# Java VM: OpenJDK 64-Bit Server VM (25.152-b01 mixed mode windows-amd64 compressed oops)
Heap:
 PSYoungGen      total 444416K, used 54094K [0x00000000e0000000, 0x0000000100000000, 0x0000000100000000)
  eden space 390144K, 0% used [0x00000000e0000000,0x00000000e0000000,0x00000000f7d00000)
  from space 54272K, 99% used [0x00000000f7d00000,0x00000000fb1d3910,0x00000000fb200000)
  to   space 73728K, 0% used [0x00000000fb800000,0x00000000fb800000,0x0000000100000000)
 ParOldGen       total 263168K, used 244879K [0x00000000a0000000, 0x00000000b0100000, 0x00000000e0000000)
  object space 263168K, 93% used [0x00000000a0000000,0x00000000aef23e70,0x00000000b0100000)
 Metaspace       used 102894K, capacity 107946K, committed 108288K, reserved 1142784K
  class space    used 12806K, capacity 14033K, committed 14080K, reserved 1048576K
GC Heap History (10 events):
Event: 803.566 GC heap after
Heap after GC invocations=40 (full 4):
 PSYoungGen      total 420352K, used 28128K [0x00000000e0000000, 0x0000000100000000, 0x0000000100000000)
  eden space 392192K, 0% used [0x00000000e0000000,0x00000000e0000000,0x00000000f7f00000)
  from space 28160K, 99% used [0x00000000fb380000,0x00000000fcef80e8,0x00000000fcf00000)
  to   space 53760K, 0% used [0x00000000f7f00000,0x00000000f7f00000,0x00000000fb380000)
 ParOldGen       total 172032K, used 171958K [0x00000000a0000000, 0x00000000aa800000, 0x00000000e0000000)
  object space 172032K, 99% used [0x00000000a0000000,0x00000000aa7edb68,0x00000000aa800000)
 Metaspace       used 99279K, capacity 104282K, committed 104576K, reserved 1140736K
  class space    used 12434K, capacity 13645K, committed 13696K, reserved 1048576K
}
Event: 803.566 GC heap before
{Heap before GC invocations=41 (full 5):
 PSYoungGen      total 420352K, used 28128K [0x00000000e0000000, 0x0000000100000000, 0x0000000100000000)
  eden space 392192K, 0% used [0x00000000e0000000,0x00000000e0000000,0x00000000f7f00000)
  from space 28160K, 99% used [0x00000000fb380000,0x00000000fcef80e8,0x00000000fcf00000)
  to   space 53760K, 0% used [0x00000000f7f00000,0x00000000f7f00000,0x00000000fb380000)
 ParOldGen       total 172032K, used 171958K [0x00000000a0000000, 0x00000000aa800000, 0x00000000e0000000)
  object space 172032K, 99% used [0x00000000a0000000,0x00000000aa7edb68,0x00000000aa800000)
 Metaspace       used 99279K, capacity 104282K, committed 104576K, reserved 1140736K
  class space    used 12434K, capacity 13645K, committed 13696K, reserved 1048576K
Event: 806.013 GC heap after
Heap after GC invocations=41 (full 5):
 PSYoungGen      total 420352K, used 4566K [0x00000000e0000000, 0x0000000100000000, 0x0000000100000000)
  eden space 392192K, 0% used [0x00000000e0000000,0x00000000e0000000,0x00000000f7f00000)
  from space 28160K, 16% used [0x00000000fb380000,0x00000000fb7f5ac0,0x00000000fcf00000)
  to   space 53760K, 0% used [0x00000000f7f00000,0x00000000f7f00000,0x00000000fb380000)
 ParOldGen       total 263168K, used 171557K [0x00000000a0000000, 0x00000000b0100000, 0x00000000e0000000)
  object space 263168K, 65% used [0x00000000a0000000,0x00000000aa789548,0x00000000b0100000)
 Metaspace       used 99279K, capacity 104282K, committed 104576K, reserved 1140736K
  class space    used 12434K, capacity 13645K, committed 13696K, reserved 1048576K
}
Event: 815.042 GC heap before
{Heap before GC invocations=42 (full 5):
 PSYoungGen      total 420352K, used 396758K [0x00000000e0000000, 0x0000000100000000, 0x0000000100000000)
  eden space 392192K, 100% used [0x00000000e0000000,0x00000000f7f00000,0x00000000f7f00000)
  from space 28160K, 16% used [0x00000000fb380000,0x00000000fb7f5ac0,0x00000000fcf00000)
  to   space 53760K, 0% used [0x00000000f7f00000,0x00000000f7f00000,0x00000000fb380000)
 ParOldGen       total 263168K, used 171557K [0x00000000a0000000, 0x00000000b0100000, 0x00000000e0000000)
  object space 263168K, 65% used [0x00000000a0000000,0x00000000aa789548,0x00000000b0100000)
 Metaspace       used 100383K, capacity 105386K, committed 105600K, reserved 1140736K
  class space    used 12620K, capacity 13841K, committed 13952K, reserved 1048576K
Event: 815.168 GC heap after
Heap after GC invocations=42 (full 5):
 PSYoungGen      total 445952K, used 13524K [0x00000000e0000000, 0x0000000100000000, 0x0000000100000000)
  eden space 392192K, 0% used [0x00000000e0000000,0x00000000e0000000,0x00000000f7f00000)
  from space 53760K, 25% used [0x00000000f7f00000,0x00000000f8c35100,0x00000000fb380000)
  to   space 51712K, 0% used [0x00000000fcd80000,0x00000000fcd80000,0x0000000100000000)
 ParOldGen       total 263168K, used 175221K [0x00000000a0000000, 0x00000000b0100000, 0x00000000e0000000)
  object space 263168K, 66% used [0x00000000a0000000,0x00000000aab1d548,0x00000000b0100000)
 Metaspace       used 100383K, capacity 105386K, committed 105600K, reserved 1140736K
  class space    used 12620K, capacity 13841K, committed 13952K, reserved 1048576K
}
Event: 820.500 GC heap before
{Heap before GC invocations=43 (full 5):
 PSYoungGen      total 445952K, used 405716K [0x00000000e0000000, 0x0000000100000000, 0x0000000100000000)
  eden space 392192K, 100% used [0x00000000e0000000,0x00000000f7f00000,0x00000000f7f00000)
  from space 53760K, 25% used [0x00000000f7f00000,0x00000000f8c35100,0x00000000fb380000)
  to   space 51712K, 0% used [0x00000000fcd80000,0x00000000fcd80000,0x0000000100000000)
 ParOldGen       total 263168K, used 175221K [0x00000000a0000000, 0x00000000b0100000, 0x00000000e0000000)
  object space 263168K, 66% used [0x00000000a0000000,0x00000000aab1d548,0x00000000b0100000)
 Metaspace       used 102871K, capacity 107882K, committed 108032K, reserved 1142784K
  class space    used 12806K, capacity 14033K, committed 14080K, reserved 1048576K
Event: 820.726 GC heap after
Heap after GC invocations=43 (full 5):
 PSYoungGen      total 441856K, used 51680K [0x00000000e0000000, 0x0000000100000000, 0x0000000100000000)
  eden space 390144K, 0% used [0x00000000e0000000,0x00000000e0000000,0x00000000f7d00000)
  from space 51712K, 99% used [0x00000000fcd80000,0x00000000ffff8180,0x0000000100000000)
  to   space 67072K, 0% used [0x00000000f7d00000,0x00000000f7d00000,0x00000000fbe80000)
 ParOldGen       total 263168K, used 193659K [0x00000000a0000000, 0x00000000b0100000, 0x00000000e0000000)
  object space 263168K, 73% used [0x00000000a0000000,0x00000000abd1eec0,0x00000000b0100000)
 Metaspace       used 102871K, capacity 107882K, committed 108032K, reserved 1142784K
  class space    used 12806K, capacity 14033K, committed 14080K, reserved 1048576K
}
Event: 823.691 GC heap before
{Heap before GC invocations=44 (full 5):
 PSYoungGen      total 441856K, used 441824K [0x00000000e0000000, 0x0000000100000000, 0x0000000100000000)
  eden space 390144K, 100% used [0x00000000e0000000,0x00000000f7d00000,0x00000000f7d00000)
  from space 51712K, 99% used [0x00000000fcd80000,0x00000000ffff8180,0x0000000100000000)
  to   space 67072K, 0% used [0x00000000f7d00000,0x00000000f7d00000,0x00000000fbe80000)
 ParOldGen       total 263168K, used 193659K [0x00000000a0000000, 0x00000000b0100000, 0x00000000e0000000)
  object space 263168K, 73% used [0x00000000a0000000,0x00000000abd1eec0,0x00000000b0100000)
 Metaspace       used 102894K, capacity 107946K, committed 108288K, reserved 1142784K
  class space    used 12806K, capacity 14033K, committed 14080K, reserved 1048576K
Event: 824.030 GC heap after
Heap after GC invocations=44 (full 5):
 PSYoungGen      total 444416K, used 54094K [0x00000000e0000000, 0x0000000100000000, 0x0000000100000000)
  eden space 390144K, 0% used [0x00000000e0000000,0x00000000e0000000,0x00000000f7d00000)
  from space 54272K, 99% used [0x00000000f7d00000,0x00000000fb1d3910,0x00000000fb200000)
  to   space 73728K, 0% used [0x00000000fb800000,0x00000000fb800000,0x0000000100000000)
 ParOldGen       total 263168K, used 244879K [0x00000000a0000000, 0x00000000b0100000, 0x00000000e0000000)
  object space 263168K, 93% used [0x00000000a0000000,0x00000000aef23e70,0x00000000b0100000)
 Metaspace       used 102894K, capacity 107946K, committed 108288K, reserved 1142784K
  class space    used 12806K, capacity 14033K, committed 14080K, reserved 1048576K
}
Event: 824.030 GC heap before
{Heap before GC invocations=45 (full 6):
 PSYoungGen      total 444416K, used 54094K [0x00000000e0000000, 0x0000000100000000, 0x0000000100000000)
  eden space 390144K, 0% used [0x00000000e0000000,0x00000000e0000000,0x00000000f7d00000)
  from space 54272K, 99% used [0x00000000f7d00000,0x00000000fb1d3910,0x00000000fb200000)
  to   space 73728K, 0% used [0x00000000fb800000,0x00000000fb800000,0x0000000100000000)
 ParOldGen       total 263168K, used 244879K [0x00000000a0000000, 0x00000000b0100000, 0x00000000e0000000)
  object space 263168K, 93% used [0x00000000a0000000,0x00000000aef23e70,0x00000000b0100000)
 Metaspace       used 102894K, capacity 107946K, committed 108288K, reserved 1142784K
  class space    used 12806K, capacity 14033K, committed 14080K, reserved 1048576K

