# JRE version: OpenJDK Runtime Environment (8.0_152-b01) (build 1.8.0_152-release-915-b01)
# Java VM: OpenJDK 64-Bit Server VM (25.152-b01 mixed mode windows-amd64 compressed oops)
Heap:
 PSYoungGen      total 349696K, used 101203K [0x00000000e0000000, 0x0000000100000000, 0x0000000100000000)
  eden space 175104K, 0% used [0x00000000e0000000,0x00000000e0000000,0x00000000eab00000)
  from space 174592K, 57% used [0x00000000f5580000,0x00000000fb854d28,0x0000000100000000)
  to   space 174592K, 0% used [0x00000000eab00000,0x00000000eab00000,0x00000000f5580000)
 ParOldGen       total 868864K, used 841506K [0x00000000a0000000, 0x00000000d5080000, 0x00000000e0000000)
  object space 868864K, 96% used [0x00000000a0000000,0x00000000d35c8bc0,0x00000000d5080000)
 Metaspace       used 104085K, capacity 109618K, committed 109784K, reserved 1144832K
  class space    used 12854K, capacity 14244K, committed 14336K, reserved 1048576K
GC Heap History (10 events):
Event: 1336.295 GC heap after
Heap after GC invocations=143 (full 17):
 PSYoungGen      total 353280K, used 56827K [0x00000000e0000000, 0x00000000ff800000, 0x0000000100000000)
  eden space 184832K, 0% used [0x00000000e0000000,0x00000000e0000000,0x00000000eb480000)
  from space 168448K, 33% used [0x00000000f5380000,0x00000000f8afecb0,0x00000000ff800000)
  to   space 162816K, 0% used [0x00000000eb480000,0x00000000eb480000,0x00000000f5380000)
 ParOldGen       total 868864K, used 786963K [0x00000000a0000000, 0x00000000d5080000, 0x00000000e0000000)
  object space 868864K, 90% used [0x00000000a0000000,0x00000000d0084d98,0x00000000d5080000)
 Metaspace       used 103841K, capacity 109264K, committed 109784K, reserved 1144832K
  class space    used 12811K, capacity 14165K, committed 14336K, reserved 1048576K
}
Event: 1336.724 GC heap before
{Heap before GC invocations=144 (full 17):
 PSYoungGen      total 353280K, used 241659K [0x00000000e0000000, 0x00000000ff800000, 0x0000000100000000)
  eden space 184832K, 100% used [0x00000000e0000000,0x00000000eb480000,0x00000000eb480000)
  from space 168448K, 33% used [0x00000000f5380000,0x00000000f8afecb0,0x00000000ff800000)
  to   space 162816K, 0% used [0x00000000eb480000,0x00000000eb480000,0x00000000f5380000)
 ParOldGen       total 868864K, used 786963K [0x00000000a0000000, 0x00000000d5080000, 0x00000000e0000000)
  object space 868864K, 90% used [0x00000000a0000000,0x00000000d0084d98,0x00000000d5080000)
 Metaspace       used 103841K, capacity 109264K, committed 109784K, reserved 1144832K
  class space    used 12811K, capacity 14165K, committed 14336K, reserved 1048576K
Event: 1336.986 GC heap after
Heap after GC invocations=144 (full 17):
 PSYoungGen      total 347648K, used 84765K [0x00000000e0000000, 0x00000000ff680000, 0x0000000100000000)
  eden space 184832K, 0% used [0x00000000e0000000,0x00000000e0000000,0x00000000eb480000)
  from space 162816K, 52% used [0x00000000eb480000,0x00000000f07476e8,0x00000000f5380000)
  to   space 160768K, 0% used [0x00000000f5980000,0x00000000f5980000,0x00000000ff680000)
 ParOldGen       total 868864K, used 786963K [0x00000000a0000000, 0x00000000d5080000, 0x00000000e0000000)
  object space 868864K, 90% used [0x00000000a0000000,0x00000000d0084d98,0x00000000d5080000)
 Metaspace       used 103841K, capacity 109264K, committed 109784K, reserved 1144832K
  class space    used 12811K, capacity 14165K, committed 14336K, reserved 1048576K
}
Event: 1337.459 GC heap before
{Heap before GC invocations=145 (full 17):
 PSYoungGen      total 347648K, used 269597K [0x00000000e0000000, 0x00000000ff680000, 0x0000000100000000)
  eden space 184832K, 100% used [0x00000000e0000000,0x00000000eb480000,0x00000000eb480000)
  from space 162816K, 52% used [0x00000000eb480000,0x00000000f07476e8,0x00000000f5380000)
  to   space 160768K, 0% used [0x00000000f5980000,0x00000000f5980000,0x00000000ff680000)
 ParOldGen       total 868864K, used 786963K [0x00000000a0000000, 0x00000000d5080000, 0x00000000e0000000)
  object space 868864K, 90% used [0x00000000a0000000,0x00000000d0084d98,0x00000000d5080000)
 Metaspace       used 103841K, capacity 109264K, committed 109784K, reserved 1144832K
  class space    used 12811K, capacity 14165K, committed 14336K, reserved 1048576K
Event: 1337.751 GC heap after
Heap after GC invocations=145 (full 17):
 PSYoungGen      total 345600K, used 114045K [0x00000000e0000000, 0x0000000100000000, 0x0000000100000000)
  eden space 184832K, 0% used [0x00000000e0000000,0x00000000e0000000,0x00000000eb480000)
  from space 160768K, 70% used [0x00000000f5980000,0x00000000fc8df6e8,0x00000000ff680000)
  to   space 168960K, 0% used [0x00000000eb480000,0x00000000eb480000,0x00000000f5980000)
 ParOldGen       total 868864K, used 786963K [0x00000000a0000000, 0x00000000d5080000, 0x00000000e0000000)
  object space 868864K, 90% used [0x00000000a0000000,0x00000000d0084d98,0x00000000d5080000)
 Metaspace       used 103841K, capacity 109264K, committed 109784K, reserved 1144832K
  class space    used 12811K, capacity 14165K, committed 14336K, reserved 1048576K
}
Event: 1338.116 GC heap before
{Heap before GC invocations=146 (full 17):
 PSYoungGen      total 345600K, used 298877K [0x00000000e0000000, 0x0000000100000000, 0x0000000100000000)
  eden space 184832K, 100% used [0x00000000e0000000,0x00000000eb480000,0x00000000eb480000)
  from space 160768K, 70% used [0x00000000f5980000,0x00000000fc8df6e8,0x00000000ff680000)
  to   space 168960K, 0% used [0x00000000eb480000,0x00000000eb480000,0x00000000f5980000)
 ParOldGen       total 868864K, used 786963K [0x00000000a0000000, 0x00000000d5080000, 0x00000000e0000000)
  object space 868864K, 90% used [0x00000000a0000000,0x00000000d0084d98,0x00000000d5080000)
 Metaspace       used 103841K, capacity 109264K, committed 109784K, reserved 1144832K
  class space    used 12811K, capacity 14165K, committed 14336K, reserved 1048576K
Event: 1338.427 GC heap after
Heap after GC invocations=146 (full 17):
 PSYoungGen      total 325632K, used 140777K [0x00000000e0000000, 0x0000000100000000, 0x0000000100000000)
  eden space 184832K, 0% used [0x00000000e0000000,0x00000000e0000000,0x00000000eb480000)
  from space 140800K, 99% used [0x00000000eb480000,0x00000000f3dfa418,0x00000000f3e00000)
  to   space 174592K, 0% used [0x00000000f5580000,0x00000000f5580000,0x0000000100000000)
 ParOldGen       total 868864K, used 786963K [0x00000000a0000000, 0x00000000d5080000, 0x00000000e0000000)
  object space 868864K, 90% used [0x00000000a0000000,0x00000000d0084d98,0x00000000d5080000)
 Metaspace       used 103841K, capacity 109264K, committed 109784K, reserved 1144832K
  class space    used 12811K, capacity 14165K, committed 14336K, reserved 1048576K
}
Event: 1394.959 GC heap before
{Heap before GC invocations=147 (full 17):
 PSYoungGen      total 325632K, used 325609K [0x00000000e0000000, 0x0000000100000000, 0x0000000100000000)
  eden space 184832K, 100% used [0x00000000e0000000,0x00000000eb480000,0x00000000eb480000)
  from space 140800K, 99% used [0x00000000eb480000,0x00000000f3dfa418,0x00000000f3e00000)
  to   space 174592K, 0% used [0x00000000f5580000,0x00000000f5580000,0x0000000100000000)
 ParOldGen       total 868864K, used 786963K [0x00000000a0000000, 0x00000000d5080000, 0x00000000e0000000)
  object space 868864K, 90% used [0x00000000a0000000,0x00000000d0084d98,0x00000000d5080000)
 Metaspace       used 104085K, capacity 109618K, committed 109784K, reserved 1144832K
  class space    used 12854K, capacity 14244K, committed 14336K, reserved 1048576K
Event: 1395.348 GC heap after
Heap after GC invocations=147 (full 17):
 PSYoungGen      total 349696K, used 101203K [0x00000000e0000000, 0x0000000100000000, 0x0000000100000000)
  eden space 175104K, 0% used [0x00000000e0000000,0x00000000e0000000,0x00000000eab00000)
  from space 174592K, 57% used [0x00000000f5580000,0x00000000fb854d28,0x0000000100000000)
  to   space 174592K, 0% used [0x00000000eab00000,0x00000000eab00000,0x00000000f5580000)
 ParOldGen       total 868864K, used 841506K [0x00000000a0000000, 0x00000000d5080000, 0x00000000e0000000)
  object space 868864K, 96% used [0x00000000a0000000,0x00000000d35c8bc0,0x00000000d5080000)
 Metaspace       used 104085K, capacity 109618K, committed 109784K, reserved 1144832K
  class space    used 12854K, capacity 14244K, committed 14336K, reserved 1048576K
}
Event: 1395.348 GC heap before
{Heap before GC invocations=148 (full 18):
 PSYoungGen      total 349696K, used 101203K [0x00000000e0000000, 0x0000000100000000, 0x0000000100000000)
  eden space 175104K, 0% used [0x00000000e0000000,0x00000000e0000000,0x00000000eab00000)
  from space 174592K, 57% used [0x00000000f5580000,0x00000000fb854d28,0x0000000100000000)
  to   space 174592K, 0% used [0x00000000eab00000,0x00000000eab00000,0x00000000f5580000)
 ParOldGen       total 868864K, used 841506K [0x00000000a0000000, 0x00000000d5080000, 0x00000000e0000000)
  object space 868864K, 96% used [0x00000000a0000000,0x00000000d35c8bc0,0x00000000d5080000)
 Metaspace       used 104085K, capacity 109618K, committed 109784K, reserved 1144832K
  class space    used 12854K, capacity 14244K, committed 14336K, reserved 1048576K

